<?xml version="1.0" encoding="UTF-8"?>
<!-- Generated by org.testng.reporters.JUnitReportReporter -->
<testsuite skipped="0" hostname="IBM-Testing01" name="Test2" tests="1" failures="0" timestamp="27 Dec 2019 10:33:24 GMT" time="1.825" errors="0">
  <testcase name="login" time="1.825" classname="Test2"/>
</testsuite> <!-- Test2 -->
