<?xml version="1.0" encoding="UTF-8"?>
<!-- Generated by org.testng.reporters.JUnitReportReporter -->
<testsuite skipped="0" hostname="IBM-Testing01" name="login_valid" tests="1" failures="0" timestamp="27 Dec 2019 11:22:46 GMT" time="0.784" errors="0">
  <testcase name="login" time="0.784" classname="login_valid"/>
</testsuite> <!-- login_valid -->
