<?xml version="1.0" encoding="UTF-8"?>
<!-- Generated by org.testng.reporters.JUnitReportReporter -->
<testsuite skipped="0" hostname="IBM-Testing01" name="test1" tests="1" failures="0" timestamp="27 Dec 2019 10:33:51 GMT" time="1.223" errors="0">
  <testcase name="login" time="1.223" classname="test1"/>
</testsuite> <!-- test1 -->
